INFO: latexindent.pl version 3.8.3, 2020-11-06, a script to indent .tex files
      latexindent.pl lives here: C:/Users/joona/AppData/Local/Programs/MiKTeX 2.9/scripts/latexindent/
      Fri Nov  8 12:39:19 2024
      Filename: e:/Documents/koulu/Aalto/ELEC-E5510 - Speech Recognition D/ELEC-E5510-2024/Literature Study/__latexindent_temp_preamble.tex
INFO: Processing switches:
      -y|--yaml: YAML settings specified via command line
      -c|--cruft: cruft directory
INFO: Directory for backup files and e:/Documents/koulu/Aalto/ELEC-E5510 - Speech Recognition D/ELEC-E5510-2024/Project Plan//indent.log: e:/Documents/koulu/Aalto/ELEC-E5510 - Speech Recognition D/ELEC-E5510-2024/Project Plan/
INFO: Perl modules are being loaded from the following directories:
      C:/Strawberry/perl/lib/FindBin.pm
      C:/Strawberry/perl/vendor/lib/YAML/Tiny.pm
      C:/Strawberry/perl/lib/File/Copy.pm
      C:/Strawberry/perl/lib/File/Basename.pm
      C:/Strawberry/perl/lib/Getopt/Long.pm
      C:/Strawberry/perl/vendor/lib/File/HomeDir.pm
      C:/Strawberry/perl/vendor/lib/Unicode/GCString.pm
      C:/Strawberry/perl/site/lib/Log/Log4perl.pm
INFO: Latex Indent perl modules are being loaded from, for example:
      C:/Users/joona/AppData/Local/Programs/MiKTeX 2.9/scripts/latexindent/LatexIndent/Document.pm
INFO: YAML settings read: defaultSettings.yaml
      Reading defaultSettings.yaml from C:/Users/joona/AppData/Local/Programs/MiKTeX 2.9/scripts/latexindent/defaultSettings.yaml
INFO: YAML settings read: indentconfig.yaml or .indentconfig.yaml
      Home directory is C:\Users\joona (didn't find either indentconfig.yaml or .indentconfig.yaml)
      To specify user settings you would put indentconfig.yaml here: C:\Users\joona/indentconfig.yaml
      Alternatively, you can use the hidden file .indentconfig.yaml as: C:\Users\joona/.indentconfig.yaml
INFO: YAML settings read: -y switch
      Updating masterSettings with defaultIndent:   
INFO: Phase 1: searching for objects
INFO: Phase 2: finding surrounding indentation
INFO: Phase 3: indenting objects
INFO: Phase 4: final indentation check
INFO: Output routine:
      Not outputting to file; see -w and -o switches for more options.
      --------------
INFO: Please direct all communication/issues to:
      https://github.com/cmhughes/latexindent.pl
